<?xml version="1.0" encoding="UTF-8"?>
<testng-results ignored="0" total="1" passed="1" failed="0" skipped="0">
  <reporter-output>
  </reporter-output>
  <suite started-at="2024-10-07T10:22:36 IST" name="Default suite" finished-at="2024-10-07T10:26:29 IST" duration-ms="232708">
    <groups>
    </groups>
    <test started-at="2024-10-07T10:22:36 IST" name="Default test" finished-at="2024-10-07T10:26:29 IST" duration-ms="232708">
      <class name="MxPlayer.Tests">
        <test-method is-config="true" signature="setup()[pri:0, instance:MxPlayer.Tests@7a5ceedd]" started-at="2024-10-07T10:22:36 IST" name="setup" finished-at="2024-10-07T10:22:56 IST" duration-ms="20313" status="PASS">
          <reporter-output>
          </reporter-output>
        </test-method> <!-- setup -->
        <test-method signature="searchTest()[pri:0, instance:MxPlayer.Tests@7a5ceedd]" started-at="2024-10-07T10:22:56 IST" name="searchTest" finished-at="2024-10-07T10:26:28 IST" duration-ms="212156" status="PASS">
          <reporter-output>
          </reporter-output>
        </test-method> <!-- searchTest -->
        <test-method is-config="true" signature="flush()[pri:0, instance:MxPlayer.Tests@7a5ceedd]" started-at="2024-10-07T10:26:28 IST" name="flush" finished-at="2024-10-07T10:26:29 IST" duration-ms="209" status="PASS">
          <reporter-output>
          </reporter-output>
        </test-method> <!-- flush -->
      </class> <!-- MxPlayer.Tests -->
    </test> <!-- Default test -->
  </suite> <!-- Default suite -->
</testng-results>
