<?xml version="1.0" encoding="UTF-8"?>
<!-- Generated by org.testng.reporters.JUnitXMLReporter -->
<testsuite ignored="0" hostname="DESKTOP-7INTED2" failures="0" tests="5" name="Default test" time="6.008" errors="0" timestamp="2024-10-07T10:15:59 IST">
  <testcase classname="Tests.ApiTests" name="DeleteHook" time="2.539"/>
  <testcase classname="Tests.ApiTests" name="GetHookID" time="0.857"/>
  <testcase classname="Tests.ApiTests" name="GetHooks" time="0.848"/>
  <testcase classname="Tests.ApiTests" name="PUTHookID" time="0.864"/>
  <testcase classname="Tests.ApiTests" name="ScheduleHook" time="0.854"/>
</testsuite> <!-- Default test -->
