<?xml version="1.0" encoding="UTF-8"?>
<testng-results ignored="0" total="5" passed="5" failed="0" skipped="0">
  <reporter-output>
  </reporter-output>
  <suite started-at="2024-10-07T10:15:53 IST" name="Default suite" finished-at="2024-10-07T10:15:59 IST" duration-ms="6008">
    <groups>
    </groups>
    <test started-at="2024-10-07T10:15:53 IST" name="Default test" finished-at="2024-10-07T10:15:59 IST" duration-ms="6008">
      <class name="Tests.ApiTests">
        <test-method signature="DeleteHook()[pri:0, instance:Tests.ApiTests@57cf54e1]" started-at="2024-10-07T10:15:53 IST" name="DeleteHook" finished-at="2024-10-07T10:15:56 IST" duration-ms="2539" status="PASS">
          <reporter-output>
          </reporter-output>
        </test-method> <!-- DeleteHook -->
        <test-method signature="GetHookID()[pri:0, instance:Tests.ApiTests@57cf54e1]" started-at="2024-10-07T10:15:56 IST" name="GetHookID" finished-at="2024-10-07T10:15:57 IST" duration-ms="857" status="PASS">
          <reporter-output>
          </reporter-output>
        </test-method> <!-- GetHookID -->
        <test-method signature="GetHooks()[pri:0, instance:Tests.ApiTests@57cf54e1]" started-at="2024-10-07T10:15:57 IST" name="GetHooks" finished-at="2024-10-07T10:15:57 IST" duration-ms="848" status="PASS">
          <reporter-output>
          </reporter-output>
        </test-method> <!-- GetHooks -->
        <test-method signature="PUTHookID()[pri:0, instance:Tests.ApiTests@57cf54e1]" started-at="2024-10-07T10:15:57 IST" name="PUTHookID" finished-at="2024-10-07T10:15:58 IST" duration-ms="864" status="PASS">
          <reporter-output>
          </reporter-output>
        </test-method> <!-- PUTHookID -->
        <test-method signature="ScheduleHook()[pri:0, instance:Tests.ApiTests@57cf54e1]" started-at="2024-10-07T10:15:58 IST" name="ScheduleHook" finished-at="2024-10-07T10:15:59 IST" duration-ms="854" status="PASS">
          <reporter-output>
          </reporter-output>
        </test-method> <!-- ScheduleHook -->
      </class> <!-- Tests.ApiTests -->
    </test> <!-- Default test -->
  </suite> <!-- Default suite -->
</testng-results>
